build/app/intermediates/manifest_merge_blame_file/debug/manifest-merger-blame-debug-report.txt
1<?xml version="1.0" encoding="utf-8"?>
2<manifest xmlns:android="http://schemas.android.com/apk/res/android"
3    package="com.brenoitalo.acaidajuh"
4    android:versionCode="1"
5    android:versionName="1.0.0" >
6
7    <uses-sdk
8        android:minSdkVersion="16"
9        android:targetSdkVersion="29" />
10    <!--
11         Flutter needs it to communicate with the running application
12         to allow setting breakpoints, to provide hot reload, etc.
13    -->
14    <uses-permission android:name="android.permission.INTERNET" />
14-->src\main\AndroidManifest.xml:10:5-66
14-->src\main\AndroidManifest.xml:10:22-64
15    <!--
16     io.flutter.app.FlutterApplication is an android.app.Application that
17         calls FlutterMain.startInitialization(this); in its onCreate method.
18         In most cases you can leave this as-is, but you if you want to provide
19         additional functionality it is fine to subclass or reimplement
20         FlutterApplication and put your custom class here.
21    -->
22    <permission android:name="android.permission.WRITE_EXTERNAL_STORAGE" />
22-->src\main\AndroidManifest.xml:9:5-75
22-->src\main\AndroidManifest.xml:9:17-73
23
24    <uses-permission android:name="android.permission.ACCESS_FINE_LOCATION" />
24-->[:geolocator] AndroidManifest.xml:7:5-79
24-->[:geolocator] AndroidManifest.xml:7:22-76
25    <uses-permission android:name="android.permission.READ_EXTERNAL_STORAGE" />
25-->[:image_picker] AndroidManifest.xml:7:5-80
25-->[:image_picker] AndroidManifest.xml:7:22-77
26    <uses-permission android:name="android.permission.WRITE_EXTERNAL_STORAGE" />
26-->[:image_picker] AndroidManifest.xml:8:5-81
26-->[:image_picker] AndroidManifest.xml:8:22-78
27    <uses-permission android:name="android.permission.VIBRATE" /> <!-- Although the *SdkVersion is captured in gradle build files, this is required for non gradle builds -->
27-->[:vibration] AndroidManifest.xml:7:5-66
27-->[:vibration] AndroidManifest.xml:7:22-63
28    <!-- <uses-sdk android:minSdkVersion="14"/> -->
29    <uses-permission android:name="android.permission.ACCESS_NETWORK_STATE" />
29-->[com.google.firebase:firebase-storage:17.0.0] AndroidManifest.xml:26:5-79
29-->[com.google.firebase:firebase-storage:17.0.0] AndroidManifest.xml:26:22-76
30
31    <application
31-->src\main\AndroidManifest.xml:13:5-76:19
32        android:name="io.flutter.app.FlutterApplication"
32-->src\main\AndroidManifest.xml:14:9-57
33        android:appComponentFactory="androidx.core.app.CoreComponentFactory"
33-->[androidx.core:core:1.2.0] AndroidManifest.xml:24:18-86
34        android:debuggable="true"
35        android:icon="@mipmap/ic_launcher"
35-->src\main\AndroidManifest.xml:16:9-43
36        android:label="acaidajuh"
36-->src\main\AndroidManifest.xml:15:9-34
37        android:supportsRtl="true" >
37-->[com.facebook.android:facebook-login:5.5.1] AndroidManifest.xml:28:18-44
38        <activity
38-->src\main\AndroidManifest.xml:17:9-45:20
39            android:name="com.brenoitalo.acaidajuh.MainActivity"
39-->src\main\AndroidManifest.xml:18:13-41
40            android:configChanges="orientation|keyboardHidden|keyboard|screenSize|smallestScreenSize|locale|layoutDirection|fontScale|screenLayout|density|uiMode"
40-->src\main\AndroidManifest.xml:21:13-163
41            android:hardwareAccelerated="true"
41-->src\main\AndroidManifest.xml:22:13-47
42            android:launchMode="singleTop"
42-->src\main\AndroidManifest.xml:19:13-43
43            android:theme="@style/LaunchTheme"
43-->src\main\AndroidManifest.xml:20:13-47
44            android:windowSoftInputMode="adjustResize" >
44-->src\main\AndroidManifest.xml:23:13-55
45
46            <!--
47                 Specifies an Android theme to apply to this Activity as soon as
48                 the Android process has started. This theme is visible to the user
49                 while the Flutter UI initializes. After that, this theme continues
50                 to determine the Window background behind the Flutter UI.
51            -->
52            <meta-data
52-->src\main\AndroidManifest.xml:28:13-31:17
53                android:name="io.flutter.embedding.android.NormalTheme"
53-->src\main\AndroidManifest.xml:29:15-70
54                android:resource="@style/NormalTheme" />
54-->src\main\AndroidManifest.xml:30:15-52
55            <!--
56                 Displays an Android View that continues showing the launch screen
57                 Drawable until Flutter paints its first frame, then this splash
58                 screen fades out. A splash screen is useful to avoid any visual
59                 gap between the end of Android's launch screen and the painting of
60                 Flutter's first frame.
61            -->
62            <meta-data
62-->src\main\AndroidManifest.xml:37:13-40:17
63                android:name="io.flutter.embedding.android.SplashScreenDrawable"
63-->src\main\AndroidManifest.xml:38:15-79
64                android:resource="@drawable/launch_background" />
64-->src\main\AndroidManifest.xml:39:15-61
65
66            <intent-filter>
66-->src\main\AndroidManifest.xml:41:13-44:29
67                <action android:name="android.intent.action.MAIN" />
67-->src\main\AndroidManifest.xml:42:17-68
67-->src\main\AndroidManifest.xml:42:25-66
68
69                <category android:name="android.intent.category.LAUNCHER" />
69-->src\main\AndroidManifest.xml:43:17-76
69-->src\main\AndroidManifest.xml:43:27-74
70            </intent-filter>
71        </activity>
72        <!--
73             Don't delete the meta-data below.
74             This is used by the Flutter tool to generate GeneratedPluginRegistrant.java
75        -->
76        <meta-data
76-->src\main\AndroidManifest.xml:48:9-50:33
77            android:name="flutterEmbedding"
77-->src\main\AndroidManifest.xml:49:13-44
78            android:value="2" />
78-->src\main\AndroidManifest.xml:50:13-30
79
80        <activity
80-->src\main\AndroidManifest.xml:52:9-55:71
81            android:name="com.yalantis.ucrop.UCropActivity"
81-->src\main\AndroidManifest.xml:53:13-60
82            android:screenOrientation="portrait"
82-->src\main\AndroidManifest.xml:54:13-49
83            android:theme="@style/Theme.AppCompat.Light.NoActionBar" />
83-->src\main\AndroidManifest.xml:55:13-69
84
85        <meta-data
85-->src\main\AndroidManifest.xml:58:9-59:54
86            android:name="com.facebook.sdk.ApplicationId"
86-->src\main\AndroidManifest.xml:58:20-65
87            android:value="@string/facebook_app_id" />
87-->src\main\AndroidManifest.xml:59:13-52
88
89        <activity
89-->src\main\AndroidManifest.xml:61:9-64:48
90            android:name="com.facebook.FacebookActivity"
90-->src\main\AndroidManifest.xml:61:19-63
91            android:configChanges="keyboard|keyboardHidden|screenLayout|screenSize|orientation"
91-->src\main\AndroidManifest.xml:62:13-118
92            android:label="@string/app_name"
92-->src\main\AndroidManifest.xml:64:13-45
93            android:theme="@style/com_facebook_activity_theme" />
93-->[com.facebook.android:facebook-common:5.5.1] AndroidManifest.xml:32:13-63
94        <activity
94-->src\main\AndroidManifest.xml:66:9-75:20
95            android:name="com.facebook.CustomTabActivity"
95-->src\main\AndroidManifest.xml:67:13-58
96            android:exported="true" >
96-->src\main\AndroidManifest.xml:68:13-36
97            <intent-filter>
97-->src\main\AndroidManifest.xml:69:13-74:29
98                <action android:name="android.intent.action.VIEW" />
98-->src\main\AndroidManifest.xml:70:17-69
98-->src\main\AndroidManifest.xml:70:25-66
99
100                <category android:name="android.intent.category.DEFAULT" />
100-->src\main\AndroidManifest.xml:71:17-76
100-->src\main\AndroidManifest.xml:71:27-73
101                <category android:name="android.intent.category.BROWSABLE" />
101-->src\main\AndroidManifest.xml:72:17-78
101-->src\main\AndroidManifest.xml:72:27-75
102
103                <data android:scheme="@string/fb_login_protocol_scheme" />
103-->src\main\AndroidManifest.xml:73:17-75
103-->src\main\AndroidManifest.xml:73:23-72
104            </intent-filter>
105        </activity>
106
107        <service
107-->[:firebase_auth] AndroidManifest.xml:8:9-12:19
108            android:name="com.google.firebase.components.ComponentDiscoveryService"
108-->[:firebase_auth] AndroidManifest.xml:8:18-89
109            android:directBootAware="true"
109-->[com.google.firebase:firebase-common:19.3.0] AndroidManifest.xml:34:13-43
110            android:exported="false" >
110-->[com.google.firebase:firebase-firestore:21.3.0] AndroidManifest.xml:19:13-37
111            <meta-data
111-->[:firebase_auth] AndroidManifest.xml:9:13-11:85
112                android:name="com.google.firebase.components:io.flutter.plugins.firebaseauth.FlutterFirebaseAppRegistrar"
112-->[:firebase_auth] AndroidManifest.xml:10:17-122
113                android:value="com.google.firebase.components.ComponentRegistrar" />
113-->[:firebase_auth] AndroidManifest.xml:11:17-82
114            <meta-data
114-->[:firebase_storage] AndroidManifest.xml:9:13-11:85
115                android:name="com.google.firebase.components:io.flutter.plugins.firebase.storage.FlutterFirebaseAppRegistrar"
115-->[:firebase_storage] AndroidManifest.xml:10:17-126
116                android:value="com.google.firebase.components.ComponentRegistrar" />
116-->[:firebase_storage] AndroidManifest.xml:11:17-82
117            <meta-data
117-->[:cloud_firestore] AndroidManifest.xml:9:13-11:85
118                android:name="com.google.firebase.components:io.flutter.plugins.firebase.cloudfirestore.FlutterFirebaseAppRegistrar"
118-->[:cloud_firestore] AndroidManifest.xml:10:17-133
119                android:value="com.google.firebase.components.ComponentRegistrar" />
119-->[:cloud_firestore] AndroidManifest.xml:11:17-82
120            <meta-data
120-->[:firebase_core] AndroidManifest.xml:9:13-11:85
121                android:name="com.google.firebase.components:io.flutter.plugins.firebase.core.FlutterFirebaseAppRegistrar"
121-->[:firebase_core] AndroidManifest.xml:10:17-123
122                android:value="com.google.firebase.components.ComponentRegistrar" />
122-->[:firebase_core] AndroidManifest.xml:11:17-82
123            <meta-data
123-->[com.google.firebase:firebase-storage:17.0.0] AndroidManifest.xml:31:13-33:85
124                android:name="com.google.firebase.components:com.google.firebase.storage.StorageRegistrar"
124-->[com.google.firebase:firebase-storage:17.0.0] AndroidManifest.xml:32:17-107
125                android:value="com.google.firebase.components.ComponentRegistrar" />
125-->[com.google.firebase:firebase-storage:17.0.0] AndroidManifest.xml:33:17-82
126            <meta-data
126-->[com.google.firebase:firebase-firestore:21.3.0] AndroidManifest.xml:20:13-22:85
127                android:name="com.google.firebase.components:com.google.firebase.firestore.FirestoreRegistrar"
127-->[com.google.firebase:firebase-firestore:21.3.0] AndroidManifest.xml:21:17-111
128                android:value="com.google.firebase.components.ComponentRegistrar" />
128-->[com.google.firebase:firebase-firestore:21.3.0] AndroidManifest.xml:22:17-82
129            <meta-data
129-->[com.google.firebase:firebase-auth:19.2.0] AndroidManifest.xml:36:13-38:85
130                android:name="com.google.firebase.components:com.google.firebase.auth.FirebaseAuthRegistrar"
130-->[com.google.firebase:firebase-auth:19.2.0] AndroidManifest.xml:37:17-109
131                android:value="com.google.firebase.components.ComponentRegistrar" />
131-->[com.google.firebase:firebase-auth:19.2.0] AndroidManifest.xml:38:17-82
132        </service>
133
134        <provider
134-->[:image_picker] AndroidManifest.xml:11:9-19:20
135            android:name="io.flutter.plugins.imagepicker.ImagePickerFileProvider"
135-->[:image_picker] AndroidManifest.xml:12:13-82
136            android:authorities="com.brenoitalo.acaidajuh.flutter.image_provider"
136-->[:image_picker] AndroidManifest.xml:13:13-74
137            android:exported="false"
137-->[:image_picker] AndroidManifest.xml:14:13-37
138            android:grantUriPermissions="true" >
138-->[:image_picker] AndroidManifest.xml:15:13-47
139            <meta-data
139-->[:image_picker] AndroidManifest.xml:16:13-18:75
140                android:name="android.support.FILE_PROVIDER_PATHS"
140-->[:image_picker] AndroidManifest.xml:17:17-67
141                android:resource="@xml/flutter_image_picker_file_paths" />
141-->[:image_picker] AndroidManifest.xml:18:17-72
142        </provider>
143
144        <activity
144-->[com.google.firebase:firebase-auth:19.2.0] AndroidManifest.xml:24:9-31:50
145            android:name="com.google.firebase.auth.internal.FederatedSignInActivity"
145-->[com.google.firebase:firebase-auth:19.2.0] AndroidManifest.xml:25:13-85
146            android:excludeFromRecents="true"
146-->[com.google.firebase:firebase-auth:19.2.0] AndroidManifest.xml:26:13-46
147            android:exported="true"
147-->[com.google.firebase:firebase-auth:19.2.0] AndroidManifest.xml:27:13-36
148            android:launchMode="singleTask"
148-->[com.google.firebase:firebase-auth:19.2.0] AndroidManifest.xml:28:13-44
149            android:permission="com.google.firebase.auth.api.gms.permission.LAUNCH_FEDERATED_SIGN_IN"
149-->[com.google.firebase:firebase-auth:19.2.0] AndroidManifest.xml:29:13-102
150            android:theme="@android:style/Theme.Translucent.NoTitleBar" />
150-->[com.google.firebase:firebase-auth:19.2.0] AndroidManifest.xml:30:13-72
151        <activity
151-->[com.google.android.gms:play-services-base:17.2.1] AndroidManifest.xml:23:9-26:75
152            android:name="com.google.android.gms.common.api.GoogleApiActivity"
152-->[com.google.android.gms:play-services-base:17.2.1] AndroidManifest.xml:24:13-79
153            android:exported="false"
153-->[com.google.android.gms:play-services-base:17.2.1] AndroidManifest.xml:25:13-37
154            android:theme="@android:style/Theme.Translucent.NoTitleBar" />
154-->[com.google.android.gms:play-services-base:17.2.1] AndroidManifest.xml:26:13-72
155        <activity android:name="com.facebook.CustomTabMainActivity" />
155-->[com.facebook.android:facebook-common:5.5.1] AndroidManifest.xml:33:9-71
155-->[com.facebook.android:facebook-common:5.5.1] AndroidManifest.xml:33:19-68
156
157        <provider
157-->[com.google.firebase:firebase-common:19.3.0] AndroidManifest.xml:26:9-30:39
158            android:name="com.google.firebase.provider.FirebaseInitProvider"
158-->[com.google.firebase:firebase-common:19.3.0] AndroidManifest.xml:27:13-77
159            android:authorities="com.brenoitalo.acaidajuh.firebaseinitprovider"
159-->[com.google.firebase:firebase-common:19.3.0] AndroidManifest.xml:28:13-72
160            android:exported="false"
160-->[com.google.firebase:firebase-common:19.3.0] AndroidManifest.xml:29:13-37
161            android:initOrder="100" />
161-->[com.google.firebase:firebase-common:19.3.0] AndroidManifest.xml:30:13-36
162
163        <meta-data
163-->[com.google.android.gms:play-services-basement:17.2.1] AndroidManifest.xml:23:9-25:69
164            android:name="com.google.android.gms.version"
164-->[com.google.android.gms:play-services-basement:17.2.1] AndroidManifest.xml:24:13-58
165            android:value="@integer/google_play_services_version" />
165-->[com.google.android.gms:play-services-basement:17.2.1] AndroidManifest.xml:25:13-66
166        <!--
167         The initialization ContentProvider will call FacebookSdk.sdkInitialize automatically
168         with the application context. This config is merged in with the host app's manifest,
169         but there can only be one provider with the same authority activated at any given
170         point; so if the end user has two or more different apps that use Facebook SDK, only the
171         first one will be able to use the provider. To work around this problem, we use the
172         following placeholder in the authority to identify each host application as if it was
173         a completely different provider.
174        -->
175        <provider
175-->[com.facebook.android:facebook-core:5.5.1] AndroidManifest.xml:39:9-42:40
176            android:name="com.facebook.internal.FacebookInitProvider"
176-->[com.facebook.android:facebook-core:5.5.1] AndroidManifest.xml:40:13-70
177            android:authorities="com.brenoitalo.acaidajuh.FacebookInitProvider"
177-->[com.facebook.android:facebook-core:5.5.1] AndroidManifest.xml:41:13-72
178            android:exported="false" />
178-->[com.facebook.android:facebook-core:5.5.1] AndroidManifest.xml:42:13-37
179
180        <receiver
180-->[com.facebook.android:facebook-core:5.5.1] AndroidManifest.xml:44:9-50:20
181            android:name="com.facebook.CurrentAccessTokenExpirationBroadcastReceiver"
181-->[com.facebook.android:facebook-core:5.5.1] AndroidManifest.xml:45:13-86
182            android:exported="false" >
182-->[com.facebook.android:facebook-core:5.5.1] AndroidManifest.xml:46:13-37
183            <intent-filter>
183-->[com.facebook.android:facebook-core:5.5.1] AndroidManifest.xml:47:13-49:29
184                <action android:name="com.facebook.sdk.ACTION_CURRENT_ACCESS_TOKEN_CHANGED" />
184-->[com.facebook.android:facebook-core:5.5.1] AndroidManifest.xml:48:17-95
184-->[com.facebook.android:facebook-core:5.5.1] AndroidManifest.xml:48:25-92
185            </intent-filter>
186        </receiver>
187        <receiver
187-->[com.facebook.android:facebook-core:5.5.1] AndroidManifest.xml:51:9-58:20
188            android:name="com.facebook.CampaignTrackingReceiver"
188-->[com.facebook.android:facebook-core:5.5.1] AndroidManifest.xml:52:13-65
189            android:exported="true"
189-->[com.facebook.android:facebook-core:5.5.1] AndroidManifest.xml:53:13-36
190            android:permission="android.permission.INSTALL_PACKAGES" >
190-->[com.facebook.android:facebook-core:5.5.1] AndroidManifest.xml:54:13-69
191            <intent-filter>
191-->[com.facebook.android:facebook-core:5.5.1] AndroidManifest.xml:55:13-57:29
192                <action android:name="com.android.vending.INSTALL_REFERRER" />
192-->[com.facebook.android:facebook-core:5.5.1] AndroidManifest.xml:56:17-79
192-->[com.facebook.android:facebook-core:5.5.1] AndroidManifest.xml:56:25-76
193            </intent-filter>
194        </receiver>
195    </application>
196
197</manifest>